<?xml version="1.0" encoding="UTF-8"?>
<!-- Generated by org.testng.reporters.JUnitReportReporter -->
<testsuite hostname="LAPTOP-2VFGD0K3" failures="0" tests="3" name="tendableWeb" time="46.867" errors="0" timestamp="31 May 2024 21:45:35 GMT" skipped="0">
  <testcase classname="tendableWeb" name="errormessage3" time="15.968"/>
  <testcase classname="tendableWeb" name="errormessage1" time="16.040"/>
  <testcase classname="tendableWeb" name="errormessage2" time="14.859"/>
</testsuite> <!-- tendableWeb -->
